D:\OF_PRERELEASE_V0062_VS2010_FAT\APPS\ADDONSEXAMPLES\FOURTHFRAMECLIENT -MOVIEPLAYEREXAMPLE\BIN\MOVIEPLAYEREXAMPLE_DEBUG.EXE
D:\OF_PRERELEASE_V0062_VS2010_FAT\APPS\ADDONSEXAMPLES\FOURTHFRAMECLIENT -MOVIEPLAYEREXAMPLE\BIN\MOVIEPLAYEREXAMPLE_DEBUG.ILK
D:\OF_PRERELEASE_V0062_VS2010_FAT\APPS\ADDONSEXAMPLES\FOURTHFRAMECLIENT -MOVIEPLAYEREXAMPLE\BIN\MOVIEPLAYEREXAMPLE_DEBUGINFO.PDB
D:\of_preRelease_v0062_vs2010_FAT\apps\addonsExamples\fourthFrameClient -moviePlayerExample\obj\Debug\cl.command.1.tlog
D:\of_preRelease_v0062_vs2010_FAT\apps\addonsExamples\fourthFrameClient -moviePlayerExample\obj\Debug\CL.read.1.tlog
D:\of_preRelease_v0062_vs2010_FAT\apps\addonsExamples\fourthFrameClient -moviePlayerExample\obj\Debug\CL.write.1.tlog
D:\of_preRelease_v0062_vs2010_FAT\apps\addonsExamples\fourthFrameClient -moviePlayerExample\obj\Debug\link.3076.read.1.tlog
D:\of_preRelease_v0062_vs2010_FAT\apps\addonsExamples\fourthFrameClient -moviePlayerExample\obj\Debug\link.3076.write.1.tlog
D:\of_preRelease_v0062_vs2010_FAT\apps\addonsExamples\fourthFrameClient -moviePlayerExample\obj\Debug\link.3076-cvtres.read.1.tlog
D:\of_preRelease_v0062_vs2010_FAT\apps\addonsExamples\fourthFrameClient -moviePlayerExample\obj\Debug\link.3076-cvtres.write.1.tlog
D:\of_preRelease_v0062_vs2010_FAT\apps\addonsExamples\fourthFrameClient -moviePlayerExample\obj\Debug\link.3564.read.1.tlog
D:\of_preRelease_v0062_vs2010_FAT\apps\addonsExamples\fourthFrameClient -moviePlayerExample\obj\Debug\link.3564.write.1.tlog
D:\of_preRelease_v0062_vs2010_FAT\apps\addonsExamples\fourthFrameClient -moviePlayerExample\obj\Debug\link.3564-cvtres.read.1.tlog
D:\of_preRelease_v0062_vs2010_FAT\apps\addonsExamples\fourthFrameClient -moviePlayerExample\obj\Debug\link.3564-cvtres.write.1.tlog
D:\of_preRelease_v0062_vs2010_FAT\apps\addonsExamples\fourthFrameClient -moviePlayerExample\obj\Debug\link.command.1.tlog
D:\of_preRelease_v0062_vs2010_FAT\apps\addonsExamples\fourthFrameClient -moviePlayerExample\obj\Debug\link.read.1.tlog
D:\of_preRelease_v0062_vs2010_FAT\apps\addonsExamples\fourthFrameClient -moviePlayerExample\obj\Debug\link.write.1.tlog
D:\OF_PRERELEASE_V0062_VS2010_FAT\APPS\ADDONSEXAMPLES\FOURTHFRAMECLIENT -MOVIEPLAYEREXAMPLE\OBJ\DEBUG\MAIN.OBJ
D:\OF_PRERELEASE_V0062_VS2010_FAT\APPS\ADDONSEXAMPLES\FOURTHFRAMECLIENT -MOVIEPLAYEREXAMPLE\OBJ\DEBUG\MOVIEPLAYEREXAMPLE.EXE.EMBED.MANIFEST
D:\OF_PRERELEASE_V0062_VS2010_FAT\APPS\ADDONSEXAMPLES\FOURTHFRAMECLIENT -MOVIEPLAYEREXAMPLE\OBJ\DEBUG\MOVIEPLAYEREXAMPLE.EXE.EMBED.MANIFEST.RES
D:\OF_PRERELEASE_V0062_VS2010_FAT\APPS\ADDONSEXAMPLES\FOURTHFRAMECLIENT -MOVIEPLAYEREXAMPLE\OBJ\DEBUG\MOVIEPLAYEREXAMPLE.EXE.INTERMEDIATE.MANIFEST
D:\of_preRelease_v0062_vs2010_FAT\apps\addonsExamples\fourthFrameClient -moviePlayerExample\obj\Debug\moviePlayerExample.write.1.tlog
D:\of_preRelease_v0062_vs2010_FAT\apps\addonsExamples\fourthFrameClient -moviePlayerExample\obj\Debug\moviePlayerExample_manifest.rc
D:\of_preRelease_v0062_vs2010_FAT\apps\addonsExamples\fourthFrameClient -moviePlayerExample\obj\Debug\mt.command.1.tlog
D:\of_preRelease_v0062_vs2010_FAT\apps\addonsExamples\fourthFrameClient -moviePlayerExample\obj\Debug\mt.read.1.tlog
D:\of_preRelease_v0062_vs2010_FAT\apps\addonsExamples\fourthFrameClient -moviePlayerExample\obj\Debug\mt.write.1.tlog
D:\OF_PRERELEASE_V0062_VS2010_FAT\APPS\ADDONSEXAMPLES\FOURTHFRAMECLIENT -MOVIEPLAYEREXAMPLE\OBJ\DEBUG\OFXTCPCLIENT.OBJ
D:\OF_PRERELEASE_V0062_VS2010_FAT\APPS\ADDONSEXAMPLES\FOURTHFRAMECLIENT -MOVIEPLAYEREXAMPLE\OBJ\DEBUG\OFXTCPMANAGER.OBJ
D:\OF_PRERELEASE_V0062_VS2010_FAT\APPS\ADDONSEXAMPLES\FOURTHFRAMECLIENT -MOVIEPLAYEREXAMPLE\OBJ\DEBUG\OFXTCPSERVER.OBJ
D:\OF_PRERELEASE_V0062_VS2010_FAT\APPS\ADDONSEXAMPLES\FOURTHFRAMECLIENT -MOVIEPLAYEREXAMPLE\OBJ\DEBUG\OFXTHREAD.OBJ
D:\OF_PRERELEASE_V0062_VS2010_FAT\APPS\ADDONSEXAMPLES\FOURTHFRAMECLIENT -MOVIEPLAYEREXAMPLE\OBJ\DEBUG\OFXUDPMANAGER.OBJ
D:\of_preRelease_v0062_vs2010_FAT\apps\addonsExamples\fourthFrameClient -moviePlayerExample\obj\Debug\rc.command.1.tlog
D:\of_preRelease_v0062_vs2010_FAT\apps\addonsExamples\fourthFrameClient -moviePlayerExample\obj\Debug\rc.read.1.tlog
D:\of_preRelease_v0062_vs2010_FAT\apps\addonsExamples\fourthFrameClient -moviePlayerExample\obj\Debug\rc.write.1.tlog
D:\OF_PRERELEASE_V0062_VS2010_FAT\APPS\ADDONSEXAMPLES\FOURTHFRAMECLIENT -MOVIEPLAYEREXAMPLE\OBJ\DEBUG\TESTAPP.OBJ
D:\of_preRelease_v0062_vs2010_FAT\apps\addonsExamples\fourthFrameClient -moviePlayerExample\obj\Debug\vc100.idb
D:\OF_PRERELEASE_V0062_VS2010_FAT\APPS\ADDONSEXAMPLES\FOURTHFRAMECLIENT -MOVIEPLAYEREXAMPLE\OBJ\DEBUG\VC100.PDB
